<?xml version="1.0" encoding="UTF-8"?>
<testng-results ignored="0" total="1" passed="1" failed="0" skipped="0">
  <reporter-output>
  </reporter-output>
  <suite started-at="2023-06-28T15:24:27 IST" name="Default suite" finished-at="2023-06-28T15:24:55 IST" duration-ms="27159">
    <groups>
    </groups>
    <test started-at="2023-06-28T15:24:27 IST" name="Default test" finished-at="2023-06-28T15:24:55 IST" duration-ms="27159">
      <class name="jenkins_12.accessingElements">
        <test-method signature="Tutorialslogin()[pri:0, instance:jenkins_12.accessingElements@52102734]" started-at="2023-06-28T15:24:28 IST" name="Tutorialslogin" finished-at="2023-06-28T15:24:55 IST" duration-ms="27068" status="PASS">
          <reporter-output>
          </reporter-output>
        </test-method> <!-- Tutorialslogin -->
      </class> <!-- jenkins_12.accessingElements -->
    </test> <!-- Default test -->
  </suite> <!-- Default suite -->
</testng-results>
